# JRE version: Java(TM) SE Runtime Environment (8.0_271-b09) (build 1.8.0_271-b09)
# Java VM: Java HotSpot(TM) 64-Bit Server VM (25.271-b09 mixed mode windows-amd64 compressed oops)
Heap:
 PSYoungGen      total 1144320K, used 456323K [0x000000076ab00000, 0x00000007c0000000, 0x00000007c0000000)
  eden space 890880K, 35% used [0x000000076ab00000,0x000000077e17b7b8,0x00000007a1100000)
  from space 253440K, 54% used [0x00000007b0880000,0x00000007b8fa54b0,0x00000007c0000000)
  to   space 253440K, 0% used [0x00000007a1100000,0x00000007a1100000,0x00000007b0880000)
 ParOldGen       total 2796544K, used 628419K [0x00000006c0000000, 0x000000076ab00000, 0x000000076ab00000)
  object space 2796544K, 22% used [0x00000006c0000000,0x00000006e65b0e38,0x000000076ab00000)
 Metaspace       used 180769K, capacity 187458K, committed 187692K, reserved 1204224K
  class space    used 30647K, capacity 32505K, committed 32556K, reserved 1048576K
GC Heap History (10 events):
Event: 225.520 GC heap before
{Heap before GC invocations=61 (full 5):
 PSYoungGen      total 1231360K, used 1231334K [0x000000076ab00000, 0x00000007c0000000, 0x00000007c0000000)
  eden space 1064960K, 100% used [0x000000076ab00000,0x00000007abb00000,0x00000007abb00000)
  from space 166400K, 99% used [0x00000007abb00000,0x00000007b5d79ac0,0x00000007b5d80000)
  to   space 166400K, 0% used [0x00000007b5d80000,0x00000007b5d80000,0x00000007c0000000)
 ParOldGen       total 2796544K, used 604050K [0x00000006c0000000, 0x000000076ab00000, 0x000000076ab00000)
  object space 2796544K, 21% used [0x00000006c0000000,0x00000006e4de4990,0x000000076ab00000)
 Metaspace       used 176993K, capacity 183132K, committed 183340K, reserved 1200128K
  class space    used 30455K, capacity 32218K, committed 32300K, reserved 1048576K
Event: 225.596 GC heap after
Heap after GC invocations=61 (full 5):
 PSYoungGen      total 1052160K, used 166373K [0x000000076ab00000, 0x00000007c0000000, 0x00000007c0000000)
  eden space 885760K, 0% used [0x000000076ab00000,0x000000076ab00000,0x00000007a0c00000)
  from space 166400K, 99% used [0x00000007b5d80000,0x00000007bfff96f0,0x00000007c0000000)
  to   space 256000K, 0% used [0x00000007a0c00000,0x00000007a0c00000,0x00000007b0600000)
 ParOldGen       total 2796544K, used 628339K [0x00000006c0000000, 0x000000076ab00000, 0x000000076ab00000)
  object space 2796544K, 22% used [0x00000006c0000000,0x00000006e659ce38,0x000000076ab00000)
 Metaspace       used 176993K, capacity 183132K, committed 183340K, reserved 1200128K
  class space    used 30455K, capacity 32218K, committed 32300K, reserved 1048576K
}
Event: 228.445 GC heap before
{Heap before GC invocations=62 (full 5):
 PSYoungGen      total 1052160K, used 1052133K [0x000000076ab00000, 0x00000007c0000000, 0x00000007c0000000)
  eden space 885760K, 100% used [0x000000076ab00000,0x00000007a0c00000,0x00000007a0c00000)
  from space 166400K, 99% used [0x00000007b5d80000,0x00000007bfff96f0,0x00000007c0000000)
  to   space 256000K, 0% used [0x00000007a0c00000,0x00000007a0c00000,0x00000007b0600000)
 ParOldGen       total 2796544K, used 628339K [0x00000006c0000000, 0x000000076ab00000, 0x000000076ab00000)
  object space 2796544K, 22% used [0x00000006c0000000,0x00000006e659ce38,0x000000076ab00000)
 Metaspace       used 177595K, capacity 183750K, committed 183852K, reserved 1200128K
  class space    used 30482K, capacity 32247K, committed 32300K, reserved 1048576K
Event: 228.477 GC heap after
Heap after GC invocations=62 (full 5):
 PSYoungGen      total 1141760K, used 122716K [0x000000076ab00000, 0x00000007c0000000, 0x00000007c0000000)
  eden space 885760K, 0% used [0x000000076ab00000,0x000000076ab00000,0x00000007a0c00000)
  from space 256000K, 47% used [0x00000007a0c00000,0x00000007a83d7130,0x00000007b0600000)
  to   space 253440K, 0% used [0x00000007b0880000,0x00000007b0880000,0x00000007c0000000)
 ParOldGen       total 2796544K, used 628395K [0x00000006c0000000, 0x000000076ab00000, 0x000000076ab00000)
  object space 2796544K, 22% used [0x00000006c0000000,0x00000006e65aae38,0x000000076ab00000)
 Metaspace       used 177595K, capacity 183750K, committed 183852K, reserved 1200128K
  class space    used 30482K, capacity 32247K, committed 32300K, reserved 1048576K
}
Event: 231.888 GC heap before
{Heap before GC invocations=63 (full 5):
 PSYoungGen      total 1141760K, used 1008476K [0x000000076ab00000, 0x00000007c0000000, 0x00000007c0000000)
  eden space 885760K, 100% used [0x000000076ab00000,0x00000007a0c00000,0x00000007a0c00000)
  from space 256000K, 47% used [0x00000007a0c00000,0x00000007a83d7130,0x00000007b0600000)
  to   space 253440K, 0% used [0x00000007b0880000,0x00000007b0880000,0x00000007c0000000)
 ParOldGen       total 2796544K, used 628395K [0x00000006c0000000, 0x000000076ab00000, 0x000000076ab00000)
  object space 2796544K, 22% used [0x00000006c0000000,0x00000006e65aae38,0x000000076ab00000)
 Metaspace       used 179059K, capacity 185622K, committed 185900K, reserved 1202176K
  class space    used 30600K, capacity 32431K, committed 32556K, reserved 1048576K
Event: 231.923 GC heap after
Heap after GC invocations=63 (full 5):
 PSYoungGen      total 1143296K, used 133599K [0x000000076ab00000, 0x00000007c0000000, 0x00000007c0000000)
  eden space 889856K, 0% used [0x000000076ab00000,0x000000076ab00000,0x00000007a1000000)
  from space 253440K, 52% used [0x00000007b0880000,0x00000007b8af7cc8,0x00000007c0000000)
  to   space 253952K, 0% used [0x00000007a1000000,0x00000007a1000000,0x00000007b0800000)
 ParOldGen       total 2796544K, used 628403K [0x00000006c0000000, 0x000000076ab00000, 0x000000076ab00000)
  object space 2796544K, 22% used [0x00000006c0000000,0x00000006e65ace38,0x000000076ab00000)
 Metaspace       used 179059K, capacity 185622K, committed 185900K, reserved 1202176K
  class space    used 30600K, capacity 32431K, committed 32556K, reserved 1048576K
}
Event: 256.521 GC heap before
{Heap before GC invocations=64 (full 5):
 PSYoungGen      total 1143296K, used 1023455K [0x000000076ab00000, 0x00000007c0000000, 0x00000007c0000000)
  eden space 889856K, 100% used [0x000000076ab00000,0x00000007a1000000,0x00000007a1000000)
  from space 253440K, 52% used [0x00000007b0880000,0x00000007b8af7cc8,0x00000007c0000000)
  to   space 253952K, 0% used [0x00000007a1000000,0x00000007a1000000,0x00000007b0800000)
 ParOldGen       total 2796544K, used 628403K [0x00000006c0000000, 0x000000076ab00000, 0x000000076ab00000)
  object space 2796544K, 22% used [0x00000006c0000000,0x00000006e65ace38,0x000000076ab00000)
 Metaspace       used 180233K, capacity 186890K, committed 187180K, reserved 1204224K
  class space    used 30629K, capacity 32495K, committed 32556K, reserved 1048576K
Event: 256.558 GC heap after
Heap after GC invocations=64 (full 5):
 PSYoungGen      total 1143808K, used 135347K [0x000000076ab00000, 0x00000007c0000000, 0x00000007c0000000)
  eden space 889856K, 0% used [0x000000076ab00000,0x000000076ab00000,0x00000007a1000000)
  from space 253952K, 53% used [0x00000007a1000000,0x00000007a942ce80,0x00000007b0800000)
  to   space 253440K, 0% used [0x00000007b0880000,0x00000007b0880000,0x00000007c0000000)
 ParOldGen       total 2796544K, used 628411K [0x00000006c0000000, 0x000000076ab00000, 0x000000076ab00000)
  object space 2796544K, 22% used [0x00000006c0000000,0x00000006e65aee38,0x000000076ab00000)
 Metaspace       used 180233K, capacity 186890K, committed 187180K, reserved 1204224K
  class space    used 30629K, capacity 32495K, committed 32556K, reserved 1048576K
}
Event: 294.802 GC heap before
{Heap before GC invocations=65 (full 5):
 PSYoungGen      total 1143808K, used 1025203K [0x000000076ab00000, 0x00000007c0000000, 0x00000007c0000000)
  eden space 889856K, 100% used [0x000000076ab00000,0x00000007a1000000,0x00000007a1000000)
  from space 253952K, 53% used [0x00000007a1000000,0x00000007a942ce80,0x00000007b0800000)
  to   space 253440K, 0% used [0x00000007b0880000,0x00000007b0880000,0x00000007c0000000)
 ParOldGen       total 2796544K, used 628411K [0x00000006c0000000, 0x000000076ab00000, 0x000000076ab00000)
  object space 2796544K, 22% used [0x00000006c0000000,0x00000006e65aee38,0x000000076ab00000)
 Metaspace       used 180623K, capacity 187324K, committed 187436K, reserved 1204224K
  class space    used 30646K, capacity 32504K, committed 32556K, reserved 1048576K
Event: 294.840 GC heap after
Heap after GC invocations=65 (full 5):
 PSYoungGen      total 1144320K, used 138389K [0x000000076ab00000, 0x00000007c0000000, 0x00000007c0000000)
  eden space 890880K, 0% used [0x000000076ab00000,0x000000076ab00000,0x00000007a1100000)
  from space 253440K, 54% used [0x00000007b0880000,0x00000007b8fa54b0,0x00000007c0000000)
  to   space 253440K, 0% used [0x00000007a1100000,0x00000007a1100000,0x00000007b0880000)
 ParOldGen       total 2796544K, used 628419K [0x00000006c0000000, 0x000000076ab00000, 0x000000076ab00000)
  object space 2796544K, 22% used [0x00000006c0000000,0x00000006e65b0e38,0x000000076ab00000)
 Metaspace       used 180623K, capacity 187324K, committed 187436K, reserved 1204224K
  class space    used 30646K, capacity 32504K, committed 32556K, reserved 1048576K
}

